<?xml version="1.0" encoding="UTF-8"?>
<!-- Generated by org.testng.reporters.JUnitReportReporter -->
<testsuite hostname="DESKTOP-OV165R3" failures="0" tests="5" name="com.tests.LoginTest" time="54.737" errors="0" timestamp="2025-07-27T23:01:58 IST" skipped="0">
  <testcase classname="com.tests.LoginTest" name="websiteCheck" time="21.879"/>
  <testcase classname="com.tests.LoginTest" name="search" time="6.317"/>
  <testcase classname="com.tests.LoginTest" name="addToWishList" time="6.357"/>
  <testcase classname="com.tests.LoginTest" name="addToCart" time="16.638"/>
  <testcase classname="com.tests.LoginTest" name="placeOrder" time="3.546"/>
</testsuite> <!-- com.tests.LoginTest -->
