<?xml version="1.0" encoding="UTF-8"?>
<!-- Generated by org.testng.reporters.JUnitReportReporter -->
<testsuite hostname="DESKTOP-OV165R3" failures="0" tests="2" name="pac1.crossbrowser_testng" time="33.021" errors="0" timestamp="2025-07-31T21:50:34 IST" skipped="0">
  <testcase classname="pac1.crossbrowser_testng" name="f" time="11.793"/>
  <testcase classname="pac1.crossbrowser_testng" name="f" time="21.228"/>
</testsuite> <!-- pac1.crossbrowser_testng -->
