<?xml version="1.0" encoding="UTF-8"?>
<!-- Generated by org.testng.reporters.JUnitReportReporter -->
<testsuite hostname="DESKTOP-OV165R3" failures="0" tests="1" name="pac1.pagefactory" time="7.745" errors="0" timestamp="2025-07-16T18:50:30 IST" skipped="0">
  <testcase classname="pac1.pagefactory" name="f" time="7.745"/>
</testsuite> <!-- pac1.pagefactory -->
