<?xml version="1.0" encoding="UTF-8"?>
<!-- Generated by org.testng.reporters.JUnitReportReporter -->
<testsuite hostname="DESKTOP-OV165R3" failures="0" tests="1" name="pac1.LoginExcelData" time="8.364" errors="0" timestamp="2025-07-17T18:35:22 IST" skipped="0">
  <testcase classname="pac1.LoginExcelData" name="f" time="8.364"/>
</testsuite> <!-- pac1.LoginExcelData -->
