<?xml version="1.0" encoding="UTF-8"?>
<!-- Generated by org.testng.reporters.JUnitReportReporter -->
<testsuite hostname="DESKTOP-OV165R3" failures="0" tests="1" name="pac1.TestNg" time="0.031" errors="0" timestamp="2025-07-15T21:43:57 IST" skipped="0">
  <testcase classname="pac1.TestNg" name="login" time="0.031"/>
  <system-out/>
</testsuite> <!-- pac1.TestNg -->
