<?xml version="1.0" encoding="UTF-8"?>
<!-- Generated by org.testng.reporters.JUnitReportReporter -->
<testsuite hostname="DESKTOP-OV165R3" failures="0" tests="2" name="pac1.NewTest1" time="16.918" errors="0" timestamp="2025-07-15T23:07:19 IST" skipped="0">
  <testcase classname="pac1.NewTest1" name="leave" time="8.487"/>
  <testcase classname="pac1.NewTest1" name="f" time="8.431"/>
</testsuite> <!-- pac1.NewTest1 -->
