<?xml version="1.0" encoding="UTF-8"?>
<!-- Generated by org.testng.reporters.JUnitReportReporter -->
<testsuite hostname="DESKTOP-OV165R3" failures="0" tests="1" name="pac1.flipkartproject" time="88.569" errors="0" timestamp="2025-07-25T22:05:50 IST" skipped="0">
  <testcase classname="pac1.flipkartproject" name="f" time="88.569"/>
</testsuite> <!-- pac1.flipkartproject -->
