<?xml version="1.0" encoding="UTF-8"?>
<!-- Generated by org.testng.reporters.JUnitReportReporter -->
<testsuite hostname="DESKTOP-OV165R3" failures="0" tests="2" name="pac1.TC_ExtentR" time="6.994" errors="0" timestamp="2025-07-17T20:22:26 IST" skipped="0">
  <testcase classname="pac1.TC_ExtentR" name="testGoogleSearch" time="2.900"/>
  <testcase classname="pac1.TC_ExtentR" name="testBingSearch" time="4.094"/>
</testsuite> <!-- pac1.TC_ExtentR -->
