<?xml version="1.0" encoding="UTF-8"?>
<!-- Generated by org.testng.reporters.JUnitReportReporter -->
<testsuite hostname="DESKTOP-OV165R3" failures="0" tests="1" name="pac1.pageobject" time="8.323" errors="0" timestamp="2025-07-16T00:03:42 IST" skipped="0">
  <testcase classname="pac1.pageobject" name="f" time="8.323"/>
</testsuite> <!-- pac1.pageobject -->
