<?xml version="1.0" encoding="UTF-8"?>
<!-- Generated by org.testng.reporters.JUnitReportReporter -->
<testsuite hostname="DESKTOP-OV165R3" failures="0" tests="1" name="pac1.parallel_testing2" time="10.657" errors="0" timestamp="2025-07-15T23:19:34 IST" skipped="0">
  <testcase classname="pac1.parallel_testing2" name="f" time="10.657"/>
</testsuite> <!-- pac1.parallel_testing2 -->
